{"name": "test_01", "status": "failed", "statusDetails": {"message": "AssertionError: assert 1 == 100", "trace": "self = <test_02login.TestLogin object at 0x7fd86a948850>\n\n    def test_01(self):\n>       assert 1 == 100\nE       assert 1 == 100\n\ntestcase/test_02login.py:53: AssertionError"}, "start": 1612344050708, "stop": 1612344050708, "uuid": "207a7d6a-0574-4d3d-9d0f-084c105d9577", "historyId": "eacdf5b357d0df8e82a22a5fa83b1eac", "testCaseId": "a7d0e662833bee03a556a4c05bec2ebf", "fullName": "testcase.test_02login.TestLogin#test_01", "labels": [{"name": "tag", "value": "han"}, {"name": "parentSuite", "value": "testcase"}, {"name": "suite", "value": "test_02login"}, {"name": "subSuite", "value": "TestLogin"}, {"name": "host", "value": "bogon"}, {"name": "thread", "value": "28554-MainThread"}, {"name": "framework", "value": "pytest"}, {"name": "language", "value": "cpython3"}, {"name": "package", "value": "testcase.test_02login"}]}